<?xml version="1.0" encoding="UTF-8"?>
<!-- Generated by org.testng.reporters.JUnitReportReporter -->
<testsuite hostname="LAPTOP-E072A98I" failures="0" tests="1" name="TestRunner.testRun" time="21.850" errors="0" timestamp="2024-02-05T16:39:20 IST" skipped="0">
  <testcase classname="TestRunner.testRun" name="runScenario" time="21.850"/>
</testsuite> <!-- TestRunner.testRun -->
