<?xml version="1.0" encoding="UTF-8"?>
<!-- Generated by org.testng.reporters.JUnitReportReporter -->
<testsuite hostname="rohit-HP-Laptop-15-da0xxx" failures="0" tests="1" name="TestRunner.testRun" time="65.222" errors="0" timestamp="2023-11-20T20:38:45 IST" skipped="0">
  <testcase classname="TestRunner.testRun" name="runScenario" time="65.222"/>
</testsuite> <!-- TestRunner.testRun -->
